[2024-11-28 12:30:31,864: INFO: main: hey there, this is custom log]
[2024-12-01 16:01:03,854: INFO: common: yaml file: config\config.yaml loaded successfully]
[2024-12-01 16:01:03,913: INFO: common: yaml file: params.yaml loaded successfully]
[2024-12-01 16:01:03,926: INFO: common: created directory at: artifacts]
[2024-12-01 16:01:03,937: INFO: common: created directory at: artifacts/data_ingestion]
[2024-12-01 16:03:12,564: INFO: common: yaml file: config\config.yaml loaded successfully]
[2024-12-01 16:03:12,569: INFO: common: yaml file: params.yaml loaded successfully]
[2024-12-01 16:03:12,573: INFO: common: created directory at: artifacts]
[2024-12-01 16:03:12,578: INFO: common: created directory at: artifacts/data_ingestion]
[2024-12-01 16:03:48,660: INFO: common: yaml file: config\config.yaml loaded successfully]
[2024-12-01 16:03:48,664: INFO: common: yaml file: params.yaml loaded successfully]
[2024-12-01 16:03:48,667: INFO: common: created directory at: artifacts]
[2024-12-01 16:03:48,669: INFO: common: created directory at: artifacts/data_ingestion]
[2024-12-01 16:05:03,963: INFO: common: yaml file: config\config.yaml loaded successfully]
[2024-12-01 16:05:03,966: INFO: common: yaml file: params.yaml loaded successfully]
[2024-12-01 16:05:03,970: INFO: common: created directory at: artifacts]
[2024-12-01 16:05:03,972: INFO: common: created directory at: artifacts/data_ingestion]
[2024-12-01 18:59:21,514: INFO: utils: NumExpr defaulting to 8 threads.]
[2024-12-02 15:44:48,978: INFO: utils: NumExpr defaulting to 8 threads.]
[2024-12-02 22:00:59,750: INFO: common: yaml file: config\config.yaml loaded successfully]
[2024-12-02 22:00:59,793: INFO: common: yaml file: params.yaml loaded successfully]
[2024-12-02 22:00:59,798: INFO: common: created directory at: artifacts]
[2024-12-02 22:00:59,806: INFO: common: created directory at: artifacts/data_ingestion]
[2024-12-03 11:14:33,529: INFO: main: >>>>>> stage Data Ingestion stage started <<<<<<]
[2024-12-03 11:14:33,531: INFO: common: yaml file: C:\Users\Anuj Bohra\Desktop\MLOps\config\config.yaml loaded successfully]
[2024-12-03 11:14:33,534: INFO: common: yaml file: C:\Users\Anuj Bohra\Desktop\MLOps\params.yaml loaded successfully]
[2024-12-03 11:14:33,536: INFO: common: created directory at: artifacts]
[2024-12-03 11:14:33,537: INFO: common: created directory at: artifacts/data_ingestion]
[2024-12-03 11:14:35,346: INFO: data_ingestion: artifacts/data_ingestion/data.zip download! with following info: 
Connection: close
Content-Length: 11616915
Cache-Control: max-age=300
Content-Security-Policy: default-src 'none'; style-src 'unsafe-inline'; sandbox
Content-Type: application/zip
ETag: "adf745abc03891fe493c3be264ec012691fe3fa21d861f35a27edbe6d86a76b1"
Strict-Transport-Security: max-age=31536000
X-Content-Type-Options: nosniff
X-Frame-Options: deny
X-XSS-Protection: 1; mode=block
X-GitHub-Request-Id: 13EE:F5EFC:11D928:1553B4:674E9936
Accept-Ranges: bytes
Date: Tue, 03 Dec 2024 05:44:34 GMT
Via: 1.1 varnish
X-Served-By: cache-bom4744-BOM
X-Cache: HIT
X-Cache-Hits: 0
X-Timer: S1733204674.038822,VS0,VE254
Vary: Authorization,Accept-Encoding,Origin
Access-Control-Allow-Origin: *
Cross-Origin-Resource-Policy: cross-origin
X-Fastly-Request-ID: 6c8deb8a4f61ae169b106bc8831b200294dbdfb3
Expires: Tue, 03 Dec 2024 05:49:34 GMT
Source-Age: 0

]
[2024-12-03 11:14:36,233: INFO: main: >>>>>> stage Data Ingestion stage completed <<<<<<

x==========x]
